[ 2017-08-28T11:43:57+08:00 ] ::1 /news/index.php/Home/UserCenter/reply_detail/id/338
INFO: [ app_begin ] --START--
INFO: Run Behavior\ReadHtmlCacheBehavior [ RunTime:0.000745s ]
INFO: [ app_begin ] --END-- [ RunTime:0.001400s ]
SQL: SHOW COLUMNS FROM `file` [ RunTime:0.0012s ]
SQL: SELECT * FROM `file` WHERE ( type=1 and del_flag=0 ) LIMIT 1   [ RunTime:0.0005s ]
SQL: SHOW COLUMNS FROM `news` [ RunTime:0.0010s ]
SQL: SELECT `reply_msg` FROM `news` WHERE ( id=338 ) LIMIT 1   [ RunTime:0.0004s ]
INFO: [ app_end ] --START--
INFO: Run Behavior\ShowPageTraceBehavior [ RunTime:0.001423s ]
INFO: [ app_end ] --END-- [ RunTime:0.001579s ]

[ 2017-08-28T11:44:05+08:00 ] ::1 /news/index.php/Home/UserCenter/reply_detail/id/89
INFO: [ app_begin ] --START--
INFO: Run Behavior\ReadHtmlCacheBehavior [ RunTime:0.000993s ]
INFO: [ app_begin ] --END-- [ RunTime:0.002601s ]
SQL: SHOW COLUMNS FROM `file` [ RunTime:0.0014s ]
SQL: SELECT * FROM `file` WHERE ( type=1 and del_flag=0 ) LIMIT 1   [ RunTime:0.0019s ]
SQL: SHOW COLUMNS FROM `news` [ RunTime:0.0015s ]
SQL: SELECT `reply_msg` FROM `news` WHERE ( id=89 ) LIMIT 1   [ RunTime:0.0005s ]
INFO: [ app_end ] --START--
INFO: Run Behavior\ShowPageTraceBehavior [ RunTime:0.001989s ]
INFO: [ app_end ] --END-- [ RunTime:0.002260s ]

[ 2017-08-28T11:46:11+08:00 ] ::1 /news/index.php/Home/UserCenter/reply_detail/id/290
INFO: [ app_begin ] --START--
INFO: Run Behavior\ReadHtmlCacheBehavior [ RunTime:0.001632s ]
INFO: [ app_begin ] --END-- [ RunTime:0.002528s ]
SQL: SHOW COLUMNS FROM `file` [ RunTime:0.0012s ]
SQL: SELECT * FROM `file` WHERE ( type=1 and del_flag=0 ) LIMIT 1   [ RunTime:0.0005s ]
SQL: SHOW COLUMNS FROM `news` [ RunTime:0.0011s ]
SQL: SELECT `reply_msg` FROM `news` WHERE ( id=290 ) LIMIT 1   [ RunTime:0.0004s ]
INFO: [ app_end ] --START--
INFO: Run Behavior\ShowPageTraceBehavior [ RunTime:0.002552s ]
INFO: [ app_end ] --END-- [ RunTime:0.002820s ]

[ 2017-08-28T11:46:15+08:00 ] ::1 /news/index.php/Home/UserCenter/reply_detail/id/290
INFO: [ app_begin ] --START--
INFO: Run Behavior\ReadHtmlCacheBehavior [ RunTime:0.001965s ]
INFO: [ app_begin ] --END-- [ RunTime:0.003245s ]
SQL: SHOW COLUMNS FROM `file` [ RunTime:0.0013s ]
SQL: SELECT * FROM `file` WHERE ( type=1 and del_flag=0 ) LIMIT 1   [ RunTime:0.0008s ]
SQL: SHOW COLUMNS FROM `news` [ RunTime:0.0020s ]
SQL: SELECT `reply_msg` FROM `news` WHERE ( id=290 ) LIMIT 1   [ RunTime:0.0005s ]
INFO: [ app_end ] --START--
INFO: Run Behavior\ShowPageTraceBehavior [ RunTime:0.002705s ]
INFO: [ app_end ] --END-- [ RunTime:0.002991s ]

[ 2017-08-28T11:47:02+08:00 ] ::1 /news/index.php/Home/UserCenter/reply_detail/id/290
INFO: [ app_begin ] --START--
INFO: Run Behavior\ReadHtmlCacheBehavior [ RunTime:0.001112s ]
INFO: [ app_begin ] --END-- [ RunTime:0.002279s ]
SQL: SHOW COLUMNS FROM `file` [ RunTime:0.0014s ]
SQL: SELECT * FROM `file` WHERE ( type=1 and del_flag=0 ) LIMIT 1   [ RunTime:0.0008s ]
SQL: SHOW COLUMNS FROM `news` [ RunTime:0.0017s ]
SQL: SELECT `reply_msg` FROM `news` WHERE ( id=290 ) LIMIT 1   [ RunTime:0.0006s ]
INFO: [ app_end ] --START--
INFO: Run Behavior\ShowPageTraceBehavior [ RunTime:0.002090s ]
INFO: [ app_end ] --END-- [ RunTime:0.002363s ]

[ 2017-08-28T11:47:59+08:00 ] ::1 /news/index.php/Home/UserCenter/reply_detail/id/290
INFO: [ app_begin ] --START--
INFO: Run Behavior\ReadHtmlCacheBehavior [ RunTime:0.001798s ]
INFO: [ app_begin ] --END-- [ RunTime:0.002735s ]
SQL: SHOW COLUMNS FROM `file` [ RunTime:0.0013s ]
SQL: SELECT * FROM `file` WHERE ( type=1 and del_flag=0 ) LIMIT 1   [ RunTime:0.0008s ]
SQL: SHOW COLUMNS FROM `news` [ RunTime:0.0014s ]
SQL: SELECT `reply_msg` FROM `news` WHERE ( id=290 ) LIMIT 1   [ RunTime:0.0005s ]
INFO: [ app_end ] --START--
INFO: Run Behavior\ShowPageTraceBehavior [ RunTime:0.002797s ]
INFO: [ app_end ] --END-- [ RunTime:0.003077s ]

[ 2017-08-28T11:48:05+08:00 ] ::1 /news/index.php/Home/UserCenter/reply_detail/id/290
INFO: [ app_begin ] --START--
INFO: Run Behavior\ReadHtmlCacheBehavior [ RunTime:0.002715s ]
INFO: [ app_begin ] --END-- [ RunTime:0.003826s ]
SQL: SHOW COLUMNS FROM `file` [ RunTime:0.0012s ]
SQL: SELECT * FROM `file` WHERE ( type=1 and del_flag=0 ) LIMIT 1   [ RunTime:0.0006s ]
SQL: SHOW COLUMNS FROM `news` [ RunTime:0.0014s ]
SQL: SELECT `reply_msg` FROM `news` WHERE ( id=290 ) LIMIT 1   [ RunTime:0.0005s ]
INFO: [ app_end ] --START--
INFO: Run Behavior\ShowPageTraceBehavior [ RunTime:0.002578s ]
INFO: [ app_end ] --END-- [ RunTime:0.002848s ]

[ 2017-08-28T11:48:26+08:00 ] ::1 /news/index.php/Home/UserCenter/reply_detail/id/290
INFO: [ app_begin ] --START--
INFO: Run Behavior\ReadHtmlCacheBehavior [ RunTime:0.001593s ]
INFO: [ app_begin ] --END-- [ RunTime:0.002835s ]
SQL: SHOW COLUMNS FROM `file` [ RunTime:0.0013s ]
SQL: SELECT * FROM `file` WHERE ( type=1 and del_flag=0 ) LIMIT 1   [ RunTime:0.0007s ]
SQL: SHOW COLUMNS FROM `news` [ RunTime:0.0014s ]
SQL: SELECT `reply_msg` FROM `news` WHERE ( id=290 ) LIMIT 1   [ RunTime:0.0019s ]
INFO: [ app_end ] --START--
INFO: Run Behavior\ShowPageTraceBehavior [ RunTime:0.003160s ]
INFO: [ app_end ] --END-- [ RunTime:0.003580s ]

[ 2017-08-28T11:51:15+08:00 ] ::1 /news/index.php/Home/UserCenter/reply_detail/id/290
INFO: [ app_begin ] --START--
INFO: Run Behavior\ReadHtmlCacheBehavior [ RunTime:0.001300s ]
INFO: [ app_begin ] --END-- [ RunTime:0.002976s ]
SQL: SHOW COLUMNS FROM `file` [ RunTime:0.0016s ]
SQL: SELECT * FROM `file` WHERE ( type=1 and del_flag=0 ) LIMIT 1   [ RunTime:0.0006s ]
SQL: SHOW COLUMNS FROM `news` [ RunTime:0.0012s ]
SQL: SELECT `reply_msg` FROM `news` WHERE ( id=290 ) LIMIT 1   [ RunTime:0.0003s ]
INFO: [ app_end ] --START--
INFO: Run Behavior\ShowPageTraceBehavior [ RunTime:0.001357s ]
INFO: [ app_end ] --END-- [ RunTime:0.001542s ]

[ 2017-08-28T11:52:57+08:00 ] ::1 /news/index.php/Home/UserCenter/reply_detail/id/290
INFO: [ app_begin ] --START--
INFO: Run Behavior\ReadHtmlCacheBehavior [ RunTime:0.000752s ]
INFO: [ app_begin ] --END-- [ RunTime:0.001465s ]
SQL: SHOW COLUMNS FROM `file` [ RunTime:0.0016s ]
SQL: SELECT * FROM `file` WHERE ( type=1 and del_flag=0 ) LIMIT 1   [ RunTime:0.0010s ]
SQL: SHOW COLUMNS FROM `news` [ RunTime:0.0017s ]
ERR: 1054:Unknown column 'news_id' in 'where clause'
 [ SQL语句 ] : SELECT `reply_msg` FROM `news` WHERE ( news_id=290 ) LIMIT 1  
ERR: 1054:Unknown column 'news_id' in 'where clause'
 [ SQL语句 ] : SELECT `reply_msg` FROM `news` WHERE ( news_id=290 ) LIMIT 1  

[ 2017-08-28T11:55:23+08:00 ] ::1 /news/index.php/Home/UserCenter/reply_detail/id/290
INFO: [ app_begin ] --START--
INFO: Run Behavior\ReadHtmlCacheBehavior [ RunTime:0.001113s ]
INFO: [ app_begin ] --END-- [ RunTime:0.002086s ]
SQL: SHOW COLUMNS FROM `file` [ RunTime:0.0013s ]
SQL: SELECT * FROM `file` WHERE ( type=1 and del_flag=0 ) LIMIT 1   [ RunTime:0.0008s ]
SQL: SHOW COLUMNS FROM `replay` [ RunTime:0.0008s ]
SQL: SELECT `replay_msg` FROM `replay` WHERE ( news_id=290 ) LIMIT 1   [ RunTime:0.0004s ]
INFO: [ app_end ] --START--
INFO: Run Behavior\ShowPageTraceBehavior [ RunTime:0.001979s ]
INFO: [ app_end ] --END-- [ RunTime:0.002188s ]

[ 2017-08-28T11:55:25+08:00 ] ::1 /news/index.php/Home/UserCenter/reply_detail/id/290
INFO: [ app_begin ] --START--
INFO: Run Behavior\ReadHtmlCacheBehavior [ RunTime:0.001557s ]
INFO: [ app_begin ] --END-- [ RunTime:0.003095s ]
SQL: SHOW COLUMNS FROM `file` [ RunTime:0.0017s ]
SQL: SELECT * FROM `file` WHERE ( type=1 and del_flag=0 ) LIMIT 1   [ RunTime:0.0006s ]
SQL: SHOW COLUMNS FROM `replay` [ RunTime:0.0011s ]
SQL: SELECT `replay_msg` FROM `replay` WHERE ( news_id=290 ) LIMIT 1   [ RunTime:0.0005s ]
INFO: [ app_end ] --START--
INFO: Run Behavior\ShowPageTraceBehavior [ RunTime:0.002928s ]
INFO: [ app_end ] --END-- [ RunTime:0.003216s ]

[ 2017-08-28T11:55:30+08:00 ] ::1 /news/index.php/Home/UserCenter/reply_detail/id/89
INFO: [ app_begin ] --START--
INFO: Run Behavior\ReadHtmlCacheBehavior [ RunTime:0.000780s ]
INFO: [ app_begin ] --END-- [ RunTime:0.001597s ]
SQL: SHOW COLUMNS FROM `file` [ RunTime:0.0015s ]
SQL: SELECT * FROM `file` WHERE ( type=1 and del_flag=0 ) LIMIT 1   [ RunTime:0.0006s ]
SQL: SHOW COLUMNS FROM `replay` [ RunTime:0.0014s ]
SQL: SELECT `replay_msg` FROM `replay` WHERE ( news_id=89 ) LIMIT 1   [ RunTime:0.0004s ]
INFO: [ app_end ] --START--
INFO: Run Behavior\ShowPageTraceBehavior [ RunTime:0.001971s ]
INFO: [ app_end ] --END-- [ RunTime:0.002237s ]

[ 2017-08-28T11:55:33+08:00 ] ::1 /news/index.php/Home/UserCenter/reply_detail/id/142
INFO: [ app_begin ] --START--
INFO: Run Behavior\ReadHtmlCacheBehavior [ RunTime:0.001120s ]
INFO: [ app_begin ] --END-- [ RunTime:0.002708s ]
SQL: SHOW COLUMNS FROM `file` [ RunTime:0.0013s ]
SQL: SELECT * FROM `file` WHERE ( type=1 and del_flag=0 ) LIMIT 1   [ RunTime:0.0007s ]
SQL: SHOW COLUMNS FROM `replay` [ RunTime:0.0012s ]
SQL: SELECT `replay_msg` FROM `replay` WHERE ( news_id=142 ) LIMIT 1   [ RunTime:0.0011s ]
INFO: [ app_end ] --START--
INFO: Run Behavior\ShowPageTraceBehavior [ RunTime:0.001996s ]
INFO: [ app_end ] --END-- [ RunTime:0.002345s ]

[ 2017-08-28T11:55:50+08:00 ] ::1 /news/index.php/Home/UserCenter/reply_detail/id/142
INFO: [ app_begin ] --START--
INFO: Run Behavior\ReadHtmlCacheBehavior [ RunTime:0.001616s ]
INFO: [ app_begin ] --END-- [ RunTime:0.002445s ]
SQL: SHOW COLUMNS FROM `file` [ RunTime:0.0011s ]
SQL: SELECT * FROM `file` WHERE ( type=1 and del_flag=0 ) LIMIT 1   [ RunTime:0.0005s ]
SQL: SHOW COLUMNS FROM `replay` [ RunTime:0.0008s ]
SQL: SELECT `replay_msg` FROM `replay` WHERE ( news_id=142 ) LIMIT 1   [ RunTime:0.0006s ]
INFO: [ app_end ] --START--
INFO: Run Behavior\ShowPageTraceBehavior [ RunTime:0.003234s ]
INFO: [ app_end ] --END-- [ RunTime:0.003616s ]

[ 2017-08-28T11:57:10+08:00 ] ::1 /news/index.php/Home/UserCenter/reply_detail/id/142
INFO: [ app_begin ] --START--
INFO: Run Behavior\ReadHtmlCacheBehavior [ RunTime:0.002583s ]
INFO: [ app_begin ] --END-- [ RunTime:0.003875s ]
SQL: SHOW COLUMNS FROM `file` [ RunTime:0.0012s ]
SQL: SELECT * FROM `file` WHERE ( type=1 and del_flag=0 ) LIMIT 1   [ RunTime:0.0006s ]
SQL: SHOW COLUMNS FROM `replay` [ RunTime:0.0010s ]
SQL: SELECT `replay_msg` FROM `replay` WHERE ( news_id=142 ) LIMIT 1   [ RunTime:0.0005s ]
INFO: [ app_end ] --START--
INFO: Run Behavior\ShowPageTraceBehavior [ RunTime:0.001980s ]
INFO: [ app_end ] --END-- [ RunTime:0.002161s ]

[ 2017-08-28T11:57:12+08:00 ] ::1 /news/index.php/Home/UserCenter/reply_detail/id/338
INFO: [ app_begin ] --START--
INFO: Run Behavior\ReadHtmlCacheBehavior [ RunTime:0.005953s ]
INFO: [ app_begin ] --END-- [ RunTime:0.007257s ]
SQL: SHOW COLUMNS FROM `file` [ RunTime:0.0015s ]
SQL: SELECT * FROM `file` WHERE ( type=1 and del_flag=0 ) LIMIT 1   [ RunTime:0.0006s ]
SQL: SHOW COLUMNS FROM `replay` [ RunTime:0.0009s ]
SQL: SELECT `replay_msg` FROM `replay` WHERE ( news_id=338 ) LIMIT 1   [ RunTime:0.0004s ]

[ 2017-08-28T11:57:15+08:00 ] ::1 /news/index.php/Home/UserCenter/reply_detail/id/290
INFO: [ app_begin ] --START--
INFO: Run Behavior\ReadHtmlCacheBehavior [ RunTime:0.003296s ]
INFO: [ app_begin ] --END-- [ RunTime:0.005485s ]
SQL: SHOW COLUMNS FROM `file` [ RunTime:0.0017s ]
SQL: SELECT * FROM `file` WHERE ( type=1 and del_flag=0 ) LIMIT 1   [ RunTime:0.0011s ]
SQL: SHOW COLUMNS FROM `replay` [ RunTime:0.0081s ]
SQL: SELECT `replay_msg` FROM `replay` WHERE ( news_id=290 ) LIMIT 1   [ RunTime:0.0005s ]
INFO: [ app_end ] --START--
INFO: Run Behavior\ShowPageTraceBehavior [ RunTime:0.002867s ]
INFO: [ app_end ] --END-- [ RunTime:0.003134s ]

[ 2017-08-28T12:36:44+08:00 ] ::1 /news/index.php/Home/UserCenter/reply_detail/id/342
INFO: [ app_begin ] --START--
INFO: Run Behavior\ReadHtmlCacheBehavior [ RunTime:0.000809s ]
INFO: [ app_begin ] --END-- [ RunTime:0.001676s ]
SQL: SHOW COLUMNS FROM `file` [ RunTime:0.0013s ]
SQL: SELECT * FROM `file` WHERE ( type=1 and del_flag=0 ) LIMIT 1   [ RunTime:0.0009s ]
SQL: SHOW COLUMNS FROM `replay` [ RunTime:0.0013s ]
SQL: SELECT `replay_msg` FROM `replay` WHERE ( news_id=342 ) LIMIT 1   [ RunTime:0.0015s ]

[ 2017-08-28T12:36:47+08:00 ] ::1 /news/index.php/Home/UserCenter/reply_detail/id/89
INFO: [ app_begin ] --START--
INFO: Run Behavior\ReadHtmlCacheBehavior [ RunTime:0.002431s ]
INFO: [ app_begin ] --END-- [ RunTime:0.004570s ]
SQL: SHOW COLUMNS FROM `file` [ RunTime:0.0019s ]
SQL: SELECT * FROM `file` WHERE ( type=1 and del_flag=0 ) LIMIT 1   [ RunTime:0.0008s ]
SQL: SHOW COLUMNS FROM `replay` [ RunTime:0.0013s ]
SQL: SELECT `replay_msg` FROM `replay` WHERE ( news_id=89 ) LIMIT 1   [ RunTime:0.0008s ]
INFO: [ app_end ] --START--
INFO: Run Behavior\ShowPageTraceBehavior [ RunTime:0.002410s ]
INFO: [ app_end ] --END-- [ RunTime:0.002777s ]

[ 2017-08-28T12:37:13+08:00 ] ::1 /news/index.php/Home/UserCenter/reply_detail/id/342
INFO: [ app_begin ] --START--
INFO: Run Behavior\ReadHtmlCacheBehavior [ RunTime:0.000845s ]
INFO: [ app_begin ] --END-- [ RunTime:0.001746s ]
SQL: SHOW COLUMNS FROM `file` [ RunTime:0.0012s ]
SQL: SELECT * FROM `file` WHERE ( type=1 and del_flag=0 ) LIMIT 1   [ RunTime:0.0005s ]
SQL: SHOW COLUMNS FROM `replay` [ RunTime:0.0009s ]
SQL: SELECT `replay_msg` FROM `replay` WHERE ( news_id=342 ) LIMIT 1   [ RunTime:0.0004s ]

[ 2017-08-28T12:37:38+08:00 ] ::1 /news/index.php/Home/UserCenter/reply_detail/id/342
INFO: [ app_begin ] --START--
INFO: Run Behavior\ReadHtmlCacheBehavior [ RunTime:0.001279s ]
INFO: [ app_begin ] --END-- [ RunTime:0.004657s ]
SQL: SHOW COLUMNS FROM `file` [ RunTime:0.0011s ]
SQL: SELECT * FROM `file` WHERE ( type=1 and del_flag=0 ) LIMIT 1   [ RunTime:0.0005s ]
SQL: SHOW COLUMNS FROM `replay` [ RunTime:0.0009s ]
SQL: SELECT `replay_msg` FROM `replay` WHERE ( news_id=342 ) LIMIT 1   [ RunTime:0.0010s ]
INFO: [ app_end ] --START--
INFO: Run Behavior\ShowPageTraceBehavior [ RunTime:0.002550s ]
INFO: [ app_end ] --END-- [ RunTime:0.002882s ]

[ 2017-08-28T12:52:26+08:00 ] ::1 /news/index.php/Home/UserCenter/reply_list.html
ERR: 1064:You have an error in your SQL syntax; check the manual that corresponds to your MySQL server version for the right syntax to use near ') LIMIT 1' at line 1
 [ SQL语句 ] : SELECT `replay_msg` FROM `replay` WHERE ( news_id= ) LIMIT 1  

[ 2017-08-28T12:53:04+08:00 ] ::1 /news/index.php/Home/UserCenter/reply_detail/id/343
INFO: [ app_begin ] --START--
INFO: Run Behavior\ReadHtmlCacheBehavior [ RunTime:0.001189s ]
INFO: [ app_begin ] --END-- [ RunTime:0.002232s ]
SQL: SHOW COLUMNS FROM `file` [ RunTime:0.0014s ]
SQL: SELECT * FROM `file` WHERE ( type=1 and del_flag=0 ) LIMIT 1   [ RunTime:0.0007s ]
SQL: SHOW COLUMNS FROM `replay` [ RunTime:0.0010s ]
SQL: SELECT `replay_msg` FROM `replay` WHERE ( news_id=343 ) LIMIT 1   [ RunTime:0.0004s ]

[ 2017-08-28T12:56:15+08:00 ] ::1 /news/index.php/Home/UserCenter/news_add
ERR: 1048:Column 'cate_id' cannot be null
 [ SQL语句 ] : INSERT INTO `news_cate` (`cate_id`,`news_id`) VALUES (NULL,'344')

[ 2017-08-28T12:56:33+08:00 ] ::1 /news/index.php/Home/UserCenter/news_add
ERR: 1048:Column 'cate_id' cannot be null
 [ SQL语句 ] : INSERT INTO `news_cate` (`cate_id`,`news_id`) VALUES (NULL,'345')

[ 2017-08-28T13:00:46+08:00 ] ::1 /news/index.php/Home/UserCenter/reply_detail/id/346
INFO: [ app_begin ] --START--
INFO: Run Behavior\ReadHtmlCacheBehavior [ RunTime:0.003092s ]
INFO: [ app_begin ] --END-- [ RunTime:0.004014s ]
SQL: SHOW COLUMNS FROM `file` [ RunTime:0.0013s ]
SQL: SELECT * FROM `file` WHERE ( type=1 and del_flag=0 ) LIMIT 1   [ RunTime:0.0006s ]
SQL: SHOW COLUMNS FROM `replay` [ RunTime:0.0008s ]
SQL: SELECT `replay_msg` FROM `replay` WHERE ( news_id=346 ) LIMIT 1   [ RunTime:0.0004s ]

[ 2017-08-28T13:00:48+08:00 ] ::1 /news/index.php/Home/UserCenter/reply_detail/id/343
INFO: [ app_begin ] --START--
INFO: Run Behavior\ReadHtmlCacheBehavior [ RunTime:0.001709s ]
INFO: [ app_begin ] --END-- [ RunTime:0.002620s ]
SQL: SHOW COLUMNS FROM `file` [ RunTime:0.0014s ]
SQL: SELECT * FROM `file` WHERE ( type=1 and del_flag=0 ) LIMIT 1   [ RunTime:0.0005s ]
SQL: SHOW COLUMNS FROM `replay` [ RunTime:0.0007s ]
SQL: SELECT `replay_msg` FROM `replay` WHERE ( news_id=343 ) LIMIT 1   [ RunTime:0.0003s ]

[ 2017-08-28T13:03:40+08:00 ] ::1 /news/index.php/Home/UserCenter/news_add
ERR: 1048:Column 'cate_id' cannot be null
 [ SQL语句 ] : INSERT INTO `news_cate` (`cate_id`,`news_id`) VALUES (NULL,'347')

[ 2017-08-28T13:03:56+08:00 ] ::1 /news/index.php/Home/UserCenter/news_add
ERR: 1048:Column 'cate_id' cannot be null
 [ SQL语句 ] : INSERT INTO `news_cate` (`cate_id`,`news_id`) VALUES (NULL,'348')

[ 2017-08-28T13:04:18+08:00 ] ::1 /news/index.php/Home/UserCenter/news_add
ERR: 1048:Column 'cate_id' cannot be null
 [ SQL语句 ] : INSERT INTO `news_cate` (`cate_id`,`news_id`) VALUES (NULL,'349')

[ 2017-08-28T13:07:31+08:00 ] ::1 /news/index.php/Home/UserCenter/news_add
ERR: 1048:Column 'cate_id' cannot be null
 [ SQL语句 ] : INSERT INTO `news_cate` (`cate_id`,`news_id`) VALUES (NULL,'351')

[ 2017-08-28T13:19:56+08:00 ] ::1 /news/index.php/Home/UserCenter/reply_detail/id/354
INFO: [ app_begin ] --START--
INFO: Run Behavior\ReadHtmlCacheBehavior [ RunTime:0.000749s ]
INFO: [ app_begin ] --END-- [ RunTime:0.001523s ]
SQL: SHOW COLUMNS FROM `file` [ RunTime:0.0013s ]
SQL: SELECT * FROM `file` WHERE ( type=1 and del_flag=0 ) LIMIT 1   [ RunTime:0.0006s ]
SQL: SHOW COLUMNS FROM `replay` [ RunTime:0.0011s ]
SQL: SELECT `replay_msg` FROM `replay` WHERE ( news_id=354 ) LIMIT 1   [ RunTime:0.0007s ]
INFO: [ app_end ] --START--
INFO: Run Behavior\ShowPageTraceBehavior [ RunTime:0.002338s ]
INFO: [ app_end ] --END-- [ RunTime:0.002622s ]

[ 2017-08-28T13:20:43+08:00 ] ::1 /news/index.php/Home/UserCenter/reply_detail/id/354
INFO: [ app_begin ] --START--
INFO: Run Behavior\ReadHtmlCacheBehavior [ RunTime:0.001859s ]
INFO: [ app_begin ] --END-- [ RunTime:0.003000s ]
SQL: SHOW COLUMNS FROM `file` [ RunTime:0.0012s ]
SQL: SELECT * FROM `file` WHERE ( type=1 and del_flag=0 ) LIMIT 1   [ RunTime:0.0005s ]
SQL: SHOW COLUMNS FROM `replay` [ RunTime:0.0014s ]
SQL: SELECT `replay_msg` FROM `replay` WHERE ( news_id=354 ) LIMIT 1   [ RunTime:0.0007s ]
INFO: [ app_end ] --START--
INFO: Run Behavior\ShowPageTraceBehavior [ RunTime:0.002562s ]
INFO: [ app_end ] --END-- [ RunTime:0.002899s ]

[ 2017-08-28T13:20:48+08:00 ] ::1 /news/index.php/Home/UserCenter/reply_detail/id/354
INFO: [ app_begin ] --START--
INFO: Run Behavior\ReadHtmlCacheBehavior [ RunTime:0.000757s ]
INFO: [ app_begin ] --END-- [ RunTime:0.001625s ]
SQL: SHOW COLUMNS FROM `file` [ RunTime:0.0012s ]
SQL: SELECT * FROM `file` WHERE ( type=1 and del_flag=0 ) LIMIT 1   [ RunTime:0.0006s ]
SQL: SHOW COLUMNS FROM `replay` [ RunTime:0.0012s ]
SQL: SELECT `replay_msg` FROM `replay` WHERE ( news_id=354 ) LIMIT 1   [ RunTime:0.0007s ]
INFO: [ app_end ] --START--
INFO: Run Behavior\ShowPageTraceBehavior [ RunTime:0.002980s ]
INFO: [ app_end ] --END-- [ RunTime:0.003251s ]

[ 2017-08-28T13:23:33+08:00 ] ::1 /news/index.php/Home/UserCenter/reply_detail/id/354
INFO: [ app_begin ] --START--
INFO: Run Behavior\ReadHtmlCacheBehavior [ RunTime:0.001217s ]
INFO: [ app_begin ] --END-- [ RunTime:0.002429s ]
SQL: SHOW COLUMNS FROM `file` [ RunTime:0.0014s ]
SQL: SELECT * FROM `file` WHERE ( type=1 and del_flag=0 ) LIMIT 1   [ RunTime:0.0010s ]
SQL: SHOW COLUMNS FROM `replay` [ RunTime:0.0014s ]
SQL: SELECT `replay_msg` FROM `replay` WHERE ( news_id=354 ) LIMIT 1   [ RunTime:0.0007s ]
INFO: [ app_end ] --START--
INFO: Run Behavior\ShowPageTraceBehavior [ RunTime:0.002034s ]
INFO: [ app_end ] --END-- [ RunTime:0.002323s ]

[ 2017-08-28T13:23:35+08:00 ] ::1 /news/index.php/Home/UserCenter/reply_detail/id/354
INFO: [ app_begin ] --START--
INFO: Run Behavior\ReadHtmlCacheBehavior [ RunTime:0.000938s ]
INFO: [ app_begin ] --END-- [ RunTime:0.001904s ]
SQL: SHOW COLUMNS FROM `file` [ RunTime:0.0012s ]
SQL: SELECT * FROM `file` WHERE ( type=1 and del_flag=0 ) LIMIT 1   [ RunTime:0.0004s ]
SQL: SHOW COLUMNS FROM `replay` [ RunTime:0.0008s ]
SQL: SELECT `replay_msg` FROM `replay` WHERE ( news_id=354 ) LIMIT 1   [ RunTime:0.0006s ]
INFO: [ app_end ] --START--
INFO: Run Behavior\ShowPageTraceBehavior [ RunTime:0.002703s ]
INFO: [ app_end ] --END-- [ RunTime:0.002991s ]

[ 2017-08-28T13:23:37+08:00 ] ::1 /news/index.php/Home/UserCenter/reply_detail/id/354
INFO: [ app_begin ] --START--
INFO: Run Behavior\ReadHtmlCacheBehavior [ RunTime:0.000821s ]
INFO: [ app_begin ] --END-- [ RunTime:0.001688s ]
SQL: SHOW COLUMNS FROM `file` [ RunTime:0.0013s ]
SQL: SELECT * FROM `file` WHERE ( type=1 and del_flag=0 ) LIMIT 1   [ RunTime:0.0008s ]
SQL: SHOW COLUMNS FROM `replay` [ RunTime:0.0013s ]
SQL: SELECT `replay_msg` FROM `replay` WHERE ( news_id=354 ) LIMIT 1   [ RunTime:0.0006s ]
INFO: [ app_end ] --START--
INFO: Run Behavior\ShowPageTraceBehavior [ RunTime:0.002035s ]
INFO: [ app_end ] --END-- [ RunTime:0.002304s ]

[ 2017-08-28T13:23:41+08:00 ] ::1 /news/index.php/Home/UserCenter/reply_detail/id/354
INFO: [ app_begin ] --START--
INFO: Run Behavior\ReadHtmlCacheBehavior [ RunTime:0.001106s ]
INFO: [ app_begin ] --END-- [ RunTime:0.002185s ]
SQL: SHOW COLUMNS FROM `file` [ RunTime:0.0016s ]
SQL: SELECT * FROM `file` WHERE ( type=1 and del_flag=0 ) LIMIT 1   [ RunTime:0.0006s ]
SQL: SHOW COLUMNS FROM `replay` [ RunTime:0.0014s ]
SQL: SELECT `replay_msg` FROM `replay` WHERE ( news_id=354 ) LIMIT 1   [ RunTime:0.0006s ]
INFO: [ app_end ] --START--
INFO: Run Behavior\ShowPageTraceBehavior [ RunTime:0.002160s ]
INFO: [ app_end ] --END-- [ RunTime:0.002444s ]

[ 2017-08-28T13:26:14+08:00 ] ::1 /news/index.php/Home/UserCenter/reply_detail/id/354
INFO: [ app_begin ] --START--
INFO: Run Behavior\ReadHtmlCacheBehavior [ RunTime:0.000886s ]
INFO: [ app_begin ] --END-- [ RunTime:0.001778s ]
SQL: SHOW COLUMNS FROM `file` [ RunTime:0.0016s ]
SQL: SELECT * FROM `file` WHERE ( type=1 and del_flag=0 ) LIMIT 1   [ RunTime:0.0005s ]
SQL: SHOW COLUMNS FROM `replay` [ RunTime:0.0010s ]
SQL: SELECT `replay_msg` FROM `replay` WHERE ( news_id=354 ) LIMIT 1   [ RunTime:0.0004s ]
INFO: [ app_end ] --START--
INFO: Run Behavior\ShowPageTraceBehavior [ RunTime:0.001481s ]
INFO: [ app_end ] --END-- [ RunTime:0.001699s ]

[ 2017-08-28T13:26:59+08:00 ] ::1 /news/index.php/Home/UserCenter/reply_detail/id/354
INFO: [ app_begin ] --START--
INFO: Run Behavior\ReadHtmlCacheBehavior [ RunTime:0.000830s ]
INFO: [ app_begin ] --END-- [ RunTime:0.001675s ]
SQL: SHOW COLUMNS FROM `file` [ RunTime:0.0012s ]
SQL: SELECT * FROM `file` WHERE ( type=1 and del_flag=0 ) LIMIT 1   [ RunTime:0.0005s ]
SQL: SHOW COLUMNS FROM `replay` [ RunTime:0.0009s ]
SQL: SELECT `replay_msg` FROM `replay` WHERE ( news_id=354 ) LIMIT 1   [ RunTime:0.0010s ]
INFO: [ app_end ] --START--
INFO: Run Behavior\ShowPageTraceBehavior [ RunTime:0.002135s ]
INFO: [ app_end ] --END-- [ RunTime:0.002343s ]

[ 2017-08-28T13:28:24+08:00 ] ::1 /news/index.php/Home/UserCenter/reply_detail/id/89
INFO: [ app_begin ] --START--
INFO: Run Behavior\ReadHtmlCacheBehavior [ RunTime:0.002423s ]
INFO: [ app_begin ] --END-- [ RunTime:0.003686s ]
SQL: SHOW COLUMNS FROM `file` [ RunTime:0.0010s ]
SQL: SELECT * FROM `file` WHERE ( type=1 and del_flag=0 ) LIMIT 1   [ RunTime:0.0004s ]
SQL: SHOW COLUMNS FROM `replay` [ RunTime:0.0008s ]
SQL: SELECT `replay_msg` FROM `replay` WHERE ( news_id=89 ) LIMIT 1   [ RunTime:0.0005s ]
INFO: [ app_end ] --START--
INFO: Run Behavior\ShowPageTraceBehavior [ RunTime:0.002003s ]
INFO: [ app_end ] --END-- [ RunTime:0.002265s ]

[ 2017-08-28T13:28:26+08:00 ] ::1 /news/index.php/Home/UserCenter/reply_detail/id/290
INFO: [ app_begin ] --START--
INFO: Run Behavior\ReadHtmlCacheBehavior [ RunTime:0.000859s ]
INFO: [ app_begin ] --END-- [ RunTime:0.001723s ]
SQL: SHOW COLUMNS FROM `file` [ RunTime:0.0013s ]
SQL: SELECT * FROM `file` WHERE ( type=1 and del_flag=0 ) LIMIT 1   [ RunTime:0.0007s ]
SQL: SHOW COLUMNS FROM `replay` [ RunTime:0.0009s ]
SQL: SELECT `replay_msg` FROM `replay` WHERE ( news_id=290 ) LIMIT 1   [ RunTime:0.0004s ]
INFO: [ app_end ] --START--
INFO: Run Behavior\ShowPageTraceBehavior [ RunTime:0.002047s ]
INFO: [ app_end ] --END-- [ RunTime:0.002281s ]

[ 2017-08-28T13:28:28+08:00 ] ::1 /news/index.php/Home/UserCenter/reply_detail/id/342
INFO: [ app_begin ] --START--
INFO: Run Behavior\ReadHtmlCacheBehavior [ RunTime:0.001088s ]
INFO: [ app_begin ] --END-- [ RunTime:0.002412s ]
SQL: SHOW COLUMNS FROM `file` [ RunTime:0.0014s ]
SQL: SELECT * FROM `file` WHERE ( type=1 and del_flag=0 ) LIMIT 1   [ RunTime:0.0008s ]
SQL: SHOW COLUMNS FROM `replay` [ RunTime:0.0012s ]
SQL: SELECT `replay_msg` FROM `replay` WHERE ( news_id=342 ) LIMIT 1   [ RunTime:0.0005s ]
INFO: [ app_end ] --START--
INFO: Run Behavior\ShowPageTraceBehavior [ RunTime:0.002385s ]
INFO: [ app_end ] --END-- [ RunTime:0.002684s ]

[ 2017-08-28T13:28:33+08:00 ] ::1 /news/index.php/Home/UserCenter/reply_detail/id/142
INFO: [ app_begin ] --START--
INFO: Run Behavior\ReadHtmlCacheBehavior [ RunTime:0.001183s ]
INFO: [ app_begin ] --END-- [ RunTime:0.002387s ]
SQL: SHOW COLUMNS FROM `file` [ RunTime:0.0012s ]
SQL: SELECT * FROM `file` WHERE ( type=1 and del_flag=0 ) LIMIT 1   [ RunTime:0.0006s ]
SQL: SHOW COLUMNS FROM `replay` [ RunTime:0.0011s ]
SQL: SELECT `replay_msg` FROM `replay` WHERE ( news_id=142 ) LIMIT 1   [ RunTime:0.0006s ]
INFO: [ app_end ] --START--
INFO: Run Behavior\ShowPageTraceBehavior [ RunTime:0.001964s ]
INFO: [ app_end ] --END-- [ RunTime:0.002235s ]

[ 2017-08-28T13:28:35+08:00 ] ::1 /news/index.php/Home/UserCenter/reply_detail/id/342
INFO: [ app_begin ] --START--
INFO: Run Behavior\ReadHtmlCacheBehavior [ RunTime:0.001101s ]
INFO: [ app_begin ] --END-- [ RunTime:0.002249s ]
SQL: SHOW COLUMNS FROM `file` [ RunTime:0.0011s ]
SQL: SELECT * FROM `file` WHERE ( type=1 and del_flag=0 ) LIMIT 1   [ RunTime:0.0004s ]
SQL: SHOW COLUMNS FROM `replay` [ RunTime:0.0007s ]
SQL: SELECT `replay_msg` FROM `replay` WHERE ( news_id=342 ) LIMIT 1   [ RunTime:0.0010s ]
INFO: [ app_end ] --START--
INFO: Run Behavior\ShowPageTraceBehavior [ RunTime:0.002498s ]
INFO: [ app_end ] --END-- [ RunTime:0.002776s ]

[ 2017-08-28T13:30:58+08:00 ] ::1 /news/index.php/Home/UserCenter/reply_detail/id/354
INFO: [ app_begin ] --START--
INFO: Run Behavior\ReadHtmlCacheBehavior [ RunTime:0.001084s ]
INFO: [ app_begin ] --END-- [ RunTime:0.002236s ]
SQL: SHOW COLUMNS FROM `file` [ RunTime:0.0012s ]
SQL: SELECT * FROM `file` WHERE ( type=1 and del_flag=0 ) LIMIT 1   [ RunTime:0.0005s ]
SQL: SHOW COLUMNS FROM `replay` [ RunTime:0.0010s ]
SQL: SELECT `replay_msg` FROM `replay` WHERE ( news_id=354 ) LIMIT 1   [ RunTime:0.0004s ]
INFO: [ app_end ] --START--
INFO: Run Behavior\ShowPageTraceBehavior [ RunTime:0.001468s ]
INFO: [ app_end ] --END-- [ RunTime:0.001633s ]

[ 2017-08-28T13:33:42+08:00 ] ::1 /news/index.php/Home/UserCenter/reply_detail/id/357
INFO: [ app_begin ] --START--
INFO: Run Behavior\ReadHtmlCacheBehavior [ RunTime:0.000992s ]
INFO: [ app_begin ] --END-- [ RunTime:0.002057s ]
SQL: SHOW COLUMNS FROM `file` [ RunTime:0.0011s ]
SQL: SELECT * FROM `file` WHERE ( type=1 and del_flag=0 ) LIMIT 1   [ RunTime:0.0009s ]
SQL: SHOW COLUMNS FROM `replay` [ RunTime:0.0010s ]
SQL: SELECT `replay_msg` FROM `replay` WHERE ( news_id=357 ) LIMIT 1   [ RunTime:0.0004s ]
INFO: [ app_end ] --START--
INFO: Run Behavior\ShowPageTraceBehavior [ RunTime:0.002015s ]
INFO: [ app_end ] --END-- [ RunTime:0.002286s ]

[ 2017-08-28T13:43:21+08:00 ] ::1 /news/index.php/Home/UserCenter/reply_detail/id/358
INFO: [ app_begin ] --START--
INFO: Run Behavior\ReadHtmlCacheBehavior [ RunTime:0.000762s ]
INFO: [ app_begin ] --END-- [ RunTime:0.001652s ]
SQL: SHOW COLUMNS FROM `file` [ RunTime:0.0011s ]
SQL: SELECT * FROM `file` WHERE ( type=1 and del_flag=0 ) LIMIT 1   [ RunTime:0.0005s ]
SQL: SHOW COLUMNS FROM `replay` [ RunTime:0.0008s ]
SQL: SELECT `replay_msg` FROM `replay` WHERE ( news_id=358 ) LIMIT 1   [ RunTime:0.0007s ]
INFO: [ app_end ] --START--
INFO: Run Behavior\ShowPageTraceBehavior [ RunTime:0.002846s ]
INFO: [ app_end ] --END-- [ RunTime:0.003128s ]

[ 2017-08-28T13:43:23+08:00 ] ::1 /news/index.php/Home/UserCenter/reply_detail/id/357
INFO: [ app_begin ] --START--
INFO: Run Behavior\ReadHtmlCacheBehavior [ RunTime:0.000816s ]
INFO: [ app_begin ] --END-- [ RunTime:0.001825s ]
SQL: SHOW COLUMNS FROM `file` [ RunTime:0.0010s ]
SQL: SELECT * FROM `file` WHERE ( type=1 and del_flag=0 ) LIMIT 1   [ RunTime:0.0004s ]
SQL: SHOW COLUMNS FROM `replay` [ RunTime:0.0011s ]
SQL: SELECT `replay_msg` FROM `replay` WHERE ( news_id=357 ) LIMIT 1   [ RunTime:0.0004s ]
INFO: [ app_end ] --START--
INFO: Run Behavior\ShowPageTraceBehavior [ RunTime:0.001421s ]
INFO: [ app_end ] --END-- [ RunTime:0.001636s ]

[ 2017-08-28T13:43:26+08:00 ] ::1 /news/index.php/Home/UserCenter/reply_detail/id/354
INFO: [ app_begin ] --START--
INFO: Run Behavior\ReadHtmlCacheBehavior [ RunTime:0.000774s ]
INFO: [ app_begin ] --END-- [ RunTime:0.001595s ]
SQL: SHOW COLUMNS FROM `file` [ RunTime:0.0017s ]
SQL: SELECT * FROM `file` WHERE ( type=1 and del_flag=0 ) LIMIT 1   [ RunTime:0.0009s ]
SQL: SHOW COLUMNS FROM `replay` [ RunTime:0.0011s ]
SQL: SELECT `replay_msg` FROM `replay` WHERE ( news_id=354 ) LIMIT 1   [ RunTime:0.0005s ]
INFO: [ app_end ] --START--
INFO: Run Behavior\ShowPageTraceBehavior [ RunTime:0.001967s ]
INFO: [ app_end ] --END-- [ RunTime:0.002245s ]

[ 2017-08-28T13:43:37+08:00 ] ::1 /news/index.php/Home/UserCenter/reply_detail/id/354
INFO: [ app_begin ] --START--
INFO: Run Behavior\ReadHtmlCacheBehavior [ RunTime:0.000753s ]
INFO: [ app_begin ] --END-- [ RunTime:0.001537s ]
SQL: SHOW COLUMNS FROM `file` [ RunTime:0.0010s ]
SQL: SELECT * FROM `file` WHERE ( type=1 and del_flag=0 ) LIMIT 1   [ RunTime:0.0005s ]
SQL: SHOW COLUMNS FROM `replay` [ RunTime:0.0007s ]
SQL: SELECT `replay_msg` FROM `replay` WHERE ( news_id=354 ) LIMIT 1   [ RunTime:0.0004s ]
INFO: [ app_end ] --START--
INFO: Run Behavior\ShowPageTraceBehavior [ RunTime:0.001552s ]
INFO: [ app_end ] --END-- [ RunTime:0.001717s ]

[ 2017-08-28T13:43:41+08:00 ] ::1 /news/index.php/Home/UserCenter/reply_detail/id/357
INFO: [ app_begin ] --START--
INFO: Run Behavior\ReadHtmlCacheBehavior [ RunTime:0.000970s ]
INFO: [ app_begin ] --END-- [ RunTime:0.002396s ]
SQL: SHOW COLUMNS FROM `file` [ RunTime:0.0014s ]
SQL: SELECT * FROM `file` WHERE ( type=1 and del_flag=0 ) LIMIT 1   [ RunTime:0.0006s ]
SQL: SHOW COLUMNS FROM `replay` [ RunTime:0.0012s ]
SQL: SELECT `replay_msg` FROM `replay` WHERE ( news_id=357 ) LIMIT 1   [ RunTime:0.0006s ]
INFO: [ app_end ] --START--
INFO: Run Behavior\ShowPageTraceBehavior [ RunTime:0.001684s ]
INFO: [ app_end ] --END-- [ RunTime:0.001896s ]

[ 2017-08-28T13:43:43+08:00 ] ::1 /news/index.php/Home/UserCenter/reply_detail/id/358
INFO: [ app_begin ] --START--
INFO: Run Behavior\ReadHtmlCacheBehavior [ RunTime:0.002233s ]
INFO: [ app_begin ] --END-- [ RunTime:0.003580s ]
SQL: SHOW COLUMNS FROM `file` [ RunTime:0.0013s ]
SQL: SELECT * FROM `file` WHERE ( type=1 and del_flag=0 ) LIMIT 1   [ RunTime:0.0007s ]
SQL: SHOW COLUMNS FROM `replay` [ RunTime:0.0013s ]
SQL: SELECT `replay_msg` FROM `replay` WHERE ( news_id=358 ) LIMIT 1   [ RunTime:0.0005s ]
INFO: [ app_end ] --START--
INFO: Run Behavior\ShowPageTraceBehavior [ RunTime:0.001487s ]
INFO: [ app_end ] --END-- [ RunTime:0.001695s ]

[ 2017-08-28T13:50:55+08:00 ] ::1 /news/index.php/Home/UserCenter/reply_detail/id/359
INFO: [ app_begin ] --START--
INFO: Run Behavior\ReadHtmlCacheBehavior [ RunTime:0.000933s ]
INFO: [ app_begin ] --END-- [ RunTime:0.001802s ]
SQL: SHOW COLUMNS FROM `file` [ RunTime:0.0015s ]
SQL: SELECT * FROM `file` WHERE ( type=1 and del_flag=0 ) LIMIT 1   [ RunTime:0.0007s ]
SQL: SHOW COLUMNS FROM `replay` [ RunTime:0.0013s ]
SQL: SELECT `replay_msg` FROM `replay` WHERE ( news_id=359 ) LIMIT 1   [ RunTime:0.0006s ]
INFO: [ app_end ] --START--
INFO: Run Behavior\ShowPageTraceBehavior [ RunTime:0.001657s ]
INFO: [ app_end ] --END-- [ RunTime:0.001890s ]

[ 2017-08-28T13:50:57+08:00 ] ::1 /news/index.php/Home/UserCenter/reply_detail/id/358
INFO: [ app_begin ] --START--
INFO: Run Behavior\ReadHtmlCacheBehavior [ RunTime:0.001146s ]
INFO: [ app_begin ] --END-- [ RunTime:0.002321s ]
SQL: SHOW COLUMNS FROM `file` [ RunTime:0.0012s ]
SQL: SELECT * FROM `file` WHERE ( type=1 and del_flag=0 ) LIMIT 1   [ RunTime:0.0005s ]
SQL: SHOW COLUMNS FROM `replay` [ RunTime:0.0010s ]
SQL: SELECT `replay_msg` FROM `replay` WHERE ( news_id=358 ) LIMIT 1   [ RunTime:0.0005s ]
INFO: [ app_end ] --START--
INFO: Run Behavior\ShowPageTraceBehavior [ RunTime:0.001395s ]
INFO: [ app_end ] --END-- [ RunTime:0.001634s ]

[ 2017-08-28T13:51:58+08:00 ] ::1 /news/index.php/Home/UserCenter/reply_detail/id/360
INFO: [ app_begin ] --START--
INFO: Run Behavior\ReadHtmlCacheBehavior [ RunTime:0.000923s ]
INFO: [ app_begin ] --END-- [ RunTime:0.001875s ]
SQL: SHOW COLUMNS FROM `file` [ RunTime:0.0011s ]
SQL: SELECT * FROM `file` WHERE ( type=1 and del_flag=0 ) LIMIT 1   [ RunTime:0.0006s ]
SQL: SHOW COLUMNS FROM `replay` [ RunTime:0.0011s ]
SQL: SELECT `replay_msg` FROM `replay` WHERE ( news_id=360 ) LIMIT 1   [ RunTime:0.0007s ]
INFO: [ app_end ] --START--
INFO: Run Behavior\ShowPageTraceBehavior [ RunTime:0.002200s ]
INFO: [ app_end ] --END-- [ RunTime:0.002498s ]

[ 2017-08-28T14:07:22+08:00 ] ::1 /news/index.php/Home/UserCenter/reply_detail/id/360
INFO: [ app_begin ] --START--
INFO: Run Behavior\ReadHtmlCacheBehavior [ RunTime:0.001356s ]
INFO: [ app_begin ] --END-- [ RunTime:0.002186s ]
SQL: SHOW COLUMNS FROM `file` [ RunTime:0.0013s ]
SQL: SELECT * FROM `file` WHERE ( type=1 and del_flag=0 ) LIMIT 1   [ RunTime:0.0006s ]
SQL: SHOW COLUMNS FROM `replay` [ RunTime:0.0010s ]
SQL: SELECT `replay_msg` FROM `replay` WHERE ( news_id=360 ) LIMIT 1   [ RunTime:0.0007s ]
INFO: [ app_end ] --START--
INFO: Run Behavior\ShowPageTraceBehavior [ RunTime:0.002170s ]
INFO: [ app_end ] --END-- [ RunTime:0.002442s ]

[ 2017-08-28T14:07:25+08:00 ] ::1 /news/index.php/Home/UserCenter/reply_detail/id/357
INFO: [ app_begin ] --START--
INFO: Run Behavior\ReadHtmlCacheBehavior [ RunTime:0.001154s ]
INFO: [ app_begin ] --END-- [ RunTime:0.001911s ]
SQL: SHOW COLUMNS FROM `file` [ RunTime:0.0014s ]
SQL: SELECT * FROM `file` WHERE ( type=1 and del_flag=0 ) LIMIT 1   [ RunTime:0.0006s ]
SQL: SHOW COLUMNS FROM `replay` [ RunTime:0.0010s ]
SQL: SELECT `replay_msg` FROM `replay` WHERE ( news_id=357 ) LIMIT 1   [ RunTime:0.0006s ]
INFO: [ app_end ] --START--
INFO: Run Behavior\ShowPageTraceBehavior [ RunTime:0.001750s ]
INFO: [ app_end ] --END-- [ RunTime:0.002004s ]

[ 2017-08-28T14:10:36+08:00 ] ::1 /news/index.php/Home/UserCenter/css/lyz.calendar.css
ERR: 非法操作:css

[ 2017-08-28T14:10:36+08:00 ] ::1 /news/index.php/Home/UserCenter/js/lyz.calendar.min.js
ERR: 非法操作:js

[ 2017-08-28T14:13:23+08:00 ] ::1 /news/index.php/Home/UserCenter/css/lyz.calendar.css
ERR: 非法操作:css

[ 2017-08-28T14:13:23+08:00 ] ::1 /news/index.php/Home/UserCenter/js/lyz.calendar.min.js
ERR: 非法操作:js

[ 2017-08-28T14:13:57+08:00 ] ::1 /news/index.php/Home/UserCenter/reply_detail/id/353
INFO: [ app_begin ] --START--
INFO: Run Behavior\ReadHtmlCacheBehavior [ RunTime:0.001432s ]
INFO: [ app_begin ] --END-- [ RunTime:0.002571s ]
SQL: SHOW COLUMNS FROM `file` [ RunTime:0.0014s ]
SQL: SELECT * FROM `file` WHERE ( type=1 and del_flag=0 ) LIMIT 1   [ RunTime:0.0005s ]
SQL: SHOW COLUMNS FROM `replay` [ RunTime:0.0009s ]
SQL: SELECT `replay_msg` FROM `replay` WHERE ( news_id=353 ) LIMIT 1   [ RunTime:0.0005s ]
INFO: [ app_end ] --START--
INFO: Run Behavior\ShowPageTraceBehavior [ RunTime:0.001470s ]
INFO: [ app_end ] --END-- [ RunTime:0.001683s ]

[ 2017-08-28T14:13:59+08:00 ] ::1 /news/index.php/Home/UserCenter/reply_detail/id/343
INFO: [ app_begin ] --START--
INFO: Run Behavior\ReadHtmlCacheBehavior [ RunTime:0.001003s ]
INFO: [ app_begin ] --END-- [ RunTime:0.002291s ]
SQL: SHOW COLUMNS FROM `file` [ RunTime:0.0012s ]
SQL: SELECT * FROM `file` WHERE ( type=1 and del_flag=0 ) LIMIT 1   [ RunTime:0.0007s ]
SQL: SHOW COLUMNS FROM `replay` [ RunTime:0.0010s ]
SQL: SELECT `replay_msg` FROM `replay` WHERE ( news_id=343 ) LIMIT 1   [ RunTime:0.0005s ]

[ 2017-08-28T14:14:01+08:00 ] ::1 /news/index.php/Home/UserCenter/reply_detail/id/253
INFO: [ app_begin ] --START--
INFO: Run Behavior\ReadHtmlCacheBehavior [ RunTime:0.000789s ]
INFO: [ app_begin ] --END-- [ RunTime:0.001564s ]
SQL: SHOW COLUMNS FROM `file` [ RunTime:0.0014s ]
SQL: SELECT * FROM `file` WHERE ( type=1 and del_flag=0 ) LIMIT 1   [ RunTime:0.0009s ]
SQL: SHOW COLUMNS FROM `replay` [ RunTime:0.0013s ]
SQL: SELECT `replay_msg` FROM `replay` WHERE ( news_id=253 ) LIMIT 1   [ RunTime:0.0007s ]

[ 2017-08-28T14:16:25+08:00 ] ::1 /news/index.php/Home/UserCenter/css/lyz.calendar.css
ERR: 非法操作:css

[ 2017-08-28T14:16:26+08:00 ] ::1 /news/index.php/Home/UserCenter/js/lyz.calendar.min.js
ERR: 非法操作:js

[ 2017-08-28T14:17:35+08:00 ] ::1 /news/index.php/Home/UserCenter/reply_detail/id/362
INFO: [ app_begin ] --START--
INFO: Run Behavior\ReadHtmlCacheBehavior [ RunTime:0.001308s ]
INFO: [ app_begin ] --END-- [ RunTime:0.002565s ]
SQL: SHOW COLUMNS FROM `file` [ RunTime:0.0012s ]
SQL: SELECT * FROM `file` WHERE ( type=1 and del_flag=0 ) LIMIT 1   [ RunTime:0.0004s ]
SQL: SHOW COLUMNS FROM `replay` [ RunTime:0.0007s ]
SQL: SELECT `replay_msg` FROM `replay` WHERE ( news_id=362 ) LIMIT 1   [ RunTime:0.0004s ]
INFO: [ app_end ] --START--
INFO: Run Behavior\ShowPageTraceBehavior [ RunTime:0.002174s ]
INFO: [ app_end ] --END-- [ RunTime:0.002400s ]

[ 2017-08-28T16:41:45+08:00 ] ::1 /news/index.php/Home/UserCenter/reply_detail/id/360
INFO: [ app_begin ] --START--
INFO: Run Behavior\ReadHtmlCacheBehavior [ RunTime:0.001297s ]
INFO: [ app_begin ] --END-- [ RunTime:0.003025s ]
SQL: SHOW COLUMNS FROM `file` [ RunTime:0.0010s ]
SQL: SELECT * FROM `file` WHERE ( type=1 and del_flag=0 ) LIMIT 1   [ RunTime:0.0004s ]
SQL: SHOW COLUMNS FROM `replay` [ RunTime:0.0007s ]
SQL: SELECT `replay_msg` FROM `replay` WHERE ( news_id=360 ) LIMIT 1   [ RunTime:0.0003s ]
INFO: [ app_end ] --START--
INFO: Run Behavior\ShowPageTraceBehavior [ RunTime:0.001338s ]
INFO: [ app_end ] --END-- [ RunTime:0.001498s ]

