[ 2017-08-13T15:38:22+08:00 ] ::1 /news/index.php/Home/UserCenter/css/lyz.calendar.css
ERR: 非法操作:css

[ 2017-08-13T15:38:22+08:00 ] ::1 /news/index.php/Home/UserCenter/js/lyz.calendar.min.js
ERR: 非法操作:js

[ 2017-08-13T17:06:52+08:00 ] ::1 /news/index.php
ERR: SQLSTATE[HY000] [1045] Access denied for user 'root'@'localhost' (using password: YES)

[ 2017-08-13T17:08:22+08:00 ] ::1 /news/index.php
ERR: SQLSTATE[HY000] [1045] Access denied for user 'root'@'localhost' (using password: YES)

[ 2017-08-13T17:09:39+08:00 ] ::1 /news/index.php
ERR: SQLSTATE[HY000] [1045] Access denied for user 'root'@'localhost' (using password: YES)

[ 2017-08-13T17:09:40+08:00 ] ::1 /news/index.php
ERR: SQLSTATE[HY000] [1045] Access denied for user 'root'@'localhost' (using password: YES)

[ 2017-08-13T17:09:40+08:00 ] ::1 /news/index.php
ERR: SQLSTATE[HY000] [1045] Access denied for user 'root'@'localhost' (using password: YES)

[ 2017-08-13T17:09:41+08:00 ] ::1 /news/index.php
ERR: SQLSTATE[HY000] [1045] Access denied for user 'root'@'localhost' (using password: YES)

[ 2017-08-13T17:09:41+08:00 ] ::1 /news/index.php
ERR: SQLSTATE[HY000] [1045] Access denied for user 'root'@'localhost' (using password: YES)

[ 2017-08-13T17:09:41+08:00 ] ::1 /news/index.php
ERR: SQLSTATE[HY000] [1045] Access denied for user 'root'@'localhost' (using password: YES)

[ 2017-08-13T17:09:41+08:00 ] ::1 /news/index.php
ERR: SQLSTATE[HY000] [1045] Access denied for user 'root'@'localhost' (using password: YES)

[ 2017-08-13T17:09:42+08:00 ] ::1 /news/index.php
ERR: SQLSTATE[HY000] [1045] Access denied for user 'root'@'localhost' (using password: YES)

[ 2017-08-13T17:10:29+08:00 ] ::1 /news/index.php
ERR: SQLSTATE[HY000] [1045] Access denied for user 'root'@'localhost' (using password: YES)

[ 2017-08-13T17:10:30+08:00 ] ::1 /news/index.php
ERR: SQLSTATE[HY000] [1045] Access denied for user 'root'@'localhost' (using password: YES)

[ 2017-08-13T17:10:30+08:00 ] ::1 /news/index.php
ERR: SQLSTATE[HY000] [1045] Access denied for user 'root'@'localhost' (using password: YES)

[ 2017-08-13T17:10:30+08:00 ] ::1 /news/index.php
ERR: SQLSTATE[HY000] [1045] Access denied for user 'root'@'localhost' (using password: YES)

[ 2017-08-13T18:43:24+08:00 ] ::1 /news/index.php/Home/UserCenter/css/lyz.calendar.css
ERR: 非法操作:css

[ 2017-08-13T18:43:24+08:00 ] ::1 /news/index.php/Home/UserCenter/js/lyz.calendar.min.js
ERR: 非法操作:js

[ 2017-08-13T18:43:24+08:00 ] ::1 /news/index.php/Home/UserCenter/js/lyz.calendar.min.js
ERR: 非法操作:js

[ 2017-08-13T21:59:52+08:00 ] ::1 /news/index.php/Home/UserCenter/css/lyz.calendar.css
ERR: 非法操作:css

[ 2017-08-13T21:59:52+08:00 ] ::1 /news/index.php/Home/UserCenter/js/lyz.calendar.min.js
ERR: 非法操作:js

[ 2017-08-13T22:00:14+08:00 ] ::1 /news/index.php/Home/UserCenter/css/lyz.calendar.css
ERR: 非法操作:css

[ 2017-08-13T22:00:14+08:00 ] ::1 /news/index.php/Home/UserCenter/js/lyz.calendar.min.js
ERR: 非法操作:js

[ 2017-08-13T22:00:15+08:00 ] ::1 /news/index.php/Home/UserCenter/css/lyz.calendar.css
ERR: 非法操作:css

[ 2017-08-13T22:00:15+08:00 ] ::1 /news/index.php/Home/UserCenter/js/lyz.calendar.min.js
ERR: 非法操作:js

